CRITICAL - 2022-02-07 01:55:55 --> Invalid file: news/list.php
#0 C:\xampp\htdocs\ci\system\View\View.php(198): CodeIgniter\Exceptions\FrameworkException::forInvalidFile('news/list.php')
#1 C:\xampp\htdocs\ci\system\Common.php(1089): CodeIgniter\View\View->render('news/list', Array, true)
#2 C:\xampp\htdocs\ci\app\Controllers\news.php(77): view('news/list', Array)
#3 C:\xampp\htdocs\ci\system\CodeIgniter.php(825): App\Controllers\News->list()
#4 C:\xampp\htdocs\ci\system\CodeIgniter.php(412): CodeIgniter\CodeIgniter->runController(Object(App\Controllers\News))
#5 C:\xampp\htdocs\ci\system\CodeIgniter.php(320): CodeIgniter\CodeIgniter->handleRequest(NULL, Object(Config\Cache), false)
#6 C:\xampp\htdocs\ci\public\index.php(37): CodeIgniter\CodeIgniter->run()
#7 {main}
CRITICAL - 2022-02-07 01:56:03 --> Invalid file: news/list.php
#0 C:\xampp\htdocs\ci\system\View\View.php(198): CodeIgniter\Exceptions\FrameworkException::forInvalidFile('news/list.php')
#1 C:\xampp\htdocs\ci\system\Common.php(1089): CodeIgniter\View\View->render('news/list', Array, true)
#2 C:\xampp\htdocs\ci\app\Controllers\news.php(77): view('news/list', Array)
#3 C:\xampp\htdocs\ci\system\CodeIgniter.php(825): App\Controllers\News->list()
#4 C:\xampp\htdocs\ci\system\CodeIgniter.php(412): CodeIgniter\CodeIgniter->runController(Object(App\Controllers\News))
#5 C:\xampp\htdocs\ci\system\CodeIgniter.php(320): CodeIgniter\CodeIgniter->handleRequest(NULL, Object(Config\Cache), false)
#6 C:\xampp\htdocs\ci\public\index.php(37): CodeIgniter\CodeIgniter->run()
#7 {main}
CRITICAL - 2022-02-07 01:57:16 --> Invalid file: news/create.php
#0 C:\xampp\htdocs\ci\system\View\View.php(198): CodeIgniter\Exceptions\FrameworkException::forInvalidFile('news/create.php')
#1 C:\xampp\htdocs\ci\system\Common.php(1089): CodeIgniter\View\View->render('news/create', Array, true)
#2 C:\xampp\htdocs\ci\app\Controllers\news.php(23): view('news/create', Array)
#3 C:\xampp\htdocs\ci\system\CodeIgniter.php(825): App\Controllers\News->create()
#4 C:\xampp\htdocs\ci\system\CodeIgniter.php(412): CodeIgniter\CodeIgniter->runController(Object(App\Controllers\News))
#5 C:\xampp\htdocs\ci\system\CodeIgniter.php(320): CodeIgniter\CodeIgniter->handleRequest(NULL, Object(Config\Cache), false)
#6 C:\xampp\htdocs\ci\public\index.php(37): CodeIgniter\CodeIgniter->run()
#7 {main}
CRITICAL - 2022-02-07 02:03:00 --> Invalid file: news/list.php
#0 C:\xampp\htdocs\ci\system\View\View.php(198): CodeIgniter\Exceptions\FrameworkException::forInvalidFile('news/list.php')
#1 C:\xampp\htdocs\ci\system\Common.php(1089): CodeIgniter\View\View->render('news/list', Array, true)
#2 C:\xampp\htdocs\ci\app\Controllers\news.php(77): view('news/list', Array)
#3 C:\xampp\htdocs\ci\system\CodeIgniter.php(825): App\Controllers\News->list()
#4 C:\xampp\htdocs\ci\system\CodeIgniter.php(412): CodeIgniter\CodeIgniter->runController(Object(App\Controllers\News))
#5 C:\xampp\htdocs\ci\system\CodeIgniter.php(320): CodeIgniter\CodeIgniter->handleRequest(NULL, Object(Config\Cache), false)
#6 C:\xampp\htdocs\ci\public\index.php(37): CodeIgniter\CodeIgniter->run()
#7 {main}
